[02/20/25 16:07:58]: /venv/bin/amptk cluster -i trimmed.demux.fq.gz -e 1.0 -o clustered

[02/20/25 16:07:58]: OS: Debian GNU/Linux 10, 12 cores, ~ 8 GB RAM. Python: 3.10.8
[02/20/25 16:07:58]: Python Modules: numpy v1.24.1, pandas v1.5.2, matplotlib v3.6.2, psutil v5.9.4, natsort v8.2.0, biopython v1.80, edlib v1.3.9, biom-format v2.1.14
[02/20/25 16:07:58]: AMPtk v1.5.5, VSEARCH v2.22.1
[02/20/25 16:07:58]: Loading FASTQ Records
[02/20/25 16:07:58]: vsearch --fastq_filter trimmed.demux.fq.gz --fastaout clustered_tmp/clustered.orig.fa --fastq_qmax 55 --threads 1
[02/20/25 16:08:00]: vsearch v2.22.1_linux_x86_64, 7.8GB RAM, 12 cores
https://github.com/torognes/vsearch

Reading input file 100%
100865 sequences kept (of which 0 truncated), 0 sequences discarded.

[02/20/25 16:08:00]: 100,865 reads (4.8 MB)
[02/20/25 16:08:00]: Quality Filtering, expected errors < 1.0
[02/20/25 16:08:00]: vsearch --fastq_filter trimmed.demux.fq.gz --fastq_maxee 1.0 --fastqout clustered_tmp/clustered.EE1.0.filter.fq --fastaout clustered_tmp/clustered.EE1.0.filter.fa --fastq_qmax 55 --threads 1
[02/20/25 16:08:02]: vsearch v2.22.1_linux_x86_64, 7.8GB RAM, 12 cores
https://github.com/torognes/vsearch

Reading input file 100%
99550 sequences kept (of which 0 truncated), 1315 sequences discarded.

[02/20/25 16:08:02]: 99,550 reads passed
[02/20/25 16:08:02]: De-replication (remove duplicate reads)
[02/20/25 16:08:02]: vsearch --derep_fulllength clustered_tmp/clustered.EE1.0.filter.fa --sizeout --output clustered_tmp/clustered.EE1.0.derep.fa --threads 1
[02/20/25 16:08:02]: vsearch v2.22.1_linux_x86_64, 7.8GB RAM, 12 cores
https://github.com/torognes/vsearch

Dereplicating file clustered_tmp/clustered.EE1.0.filter.fa 100%
28785510 nt in 99550 seqs, min 100, max 300, avg 289
Sorting 100%
12355 unique sequences, avg cluster 8.1, median 1, max 11578
Writing FASTA output file 100%

[02/20/25 16:08:02]: 12,355 reads passed
[02/20/25 16:08:02]: vsearch --sortbysize clustered_tmp/clustered.EE1.0.derep.fa --minsize 2 --output clustered_tmp/clustered.EE1.0.sort.fa --threads 1
[02/20/25 16:08:02]: vsearch v2.22.1_linux_x86_64, 7.8GB RAM, 12 cores
https://github.com/torognes/vsearch

Reading file clustered_tmp/clustered.EE1.0.derep.fa 100%
3597506 nt in 12355 seqs, min 100, max 300, avg 291
Getting sizes 100%
Sorting 100%
Median abundance: 3
Writing output 100%

[02/20/25 16:08:02]: Clustering OTUs (VSEARCH --cluster_smallmem)
[02/20/25 16:08:02]: vsearch --cluster_smallmem clustered_tmp/clustered.EE1.0.sort.fa --relabel OTU --usersort --sizeout --id 0.97 --centroids clustered_tmp/clustered.EE1.0.smallmem.otus.fa --threads 12
[02/20/25 16:08:03]: vsearch v2.22.1_linux_x86_64, 7.8GB RAM, 12 cores
https://github.com/torognes/vsearch

Reading file clustered_tmp/clustered.EE1.0.sort.fa 100%
851650 nt in 2921 seqs, min 100, max 300, avg 292
Masking 100%
Counting k-mers 100%
Clustering 100%
Sorting clusters 100%
Writing clusters 100%
Clusters: 430 Size min 1, max 553, avg 6.8
Singletons: 232, 7.9% of seqs, 54.0% of clusters

[02/20/25 16:08:03]: De novo Chimera detection (VSEARCH --uchime_denovo)
[02/20/25 16:08:03]: vsearch --uchime_denovo clustered_tmp/clustered.EE1.0.smallmem.otus.fa --sizein --nonchimeras clustered_tmp/clustered.EE1.0.otus.fa
[02/20/25 16:08:03]: vsearch v2.22.1_linux_x86_64, 7.8GB RAM, 12 cores
https://github.com/torognes/vsearch

Reading file clustered_tmp/clustered.EE1.0.smallmem.otus.fa 100%
118460 nt in 430 seqs, min 100, max 300, avg 275
Masking 100%
Sorting by abundance 100%
Counting k-mers 100%
Detecting chimeras 100%
Found 36 (8.4%) chimeras, 394 (91.6%) non-chimeras,
and 0 (0.0%) borderline sequences in 430 unique sequences.
Taking abundance information into account, this corresponds to
75 (2.6%) chimeras, 2846 (97.4%) non-chimeras,
and 0 (0.0%) borderline sequences in 2921 total sequences.

[02/20/25 16:08:03]: 394 OTUs
[02/20/25 16:08:03]: Cleaning up padding from OTUs
[02/20/25 16:08:03]: Validating OTU orientation
[02/20/25 16:08:03]: vsearch --usearch_global clustered_tmp/clustered.EE1.0.sort.fa --db clustered_tmp/clustered.EE1.0.clean.otus.fa --sizein --id 0.97 --strand plus --uc clustered_tmp/orient.uc
[02/20/25 16:08:03]: vsearch v2.22.1_linux_x86_64, 7.8GB RAM, 12 cores
https://github.com/torognes/vsearch

Reading file clustered_tmp/clustered.EE1.0.clean.otus.fa 100%
107736 nt in 394 seqs, min 100, max 300, avg 273
Masking 100%
Counting k-mers 100%
Creating k-mer index 100%
Searching 100%
Matching unique query sequences: 2869 of 2921 (98.22%)
Matching total query sequences: 89958 of 90116 (99.82%)

[02/20/25 16:08:03]: vsearch --usearch_global clustered_tmp/clustered.EE1.0.clean.otus.fa --db clustered_tmp/clustered.EE1.0.clean.otus.fa --self --id 0.95 --strand both --userout clustered_tmp/orient-map.txt --userfields query+target+qstrand+id
[02/20/25 16:08:03]: vsearch v2.22.1_linux_x86_64, 7.8GB RAM, 12 cores
https://github.com/torognes/vsearch

Reading file clustered_tmp/clustered.EE1.0.clean.otus.fa 100%
107736 nt in 394 seqs, min 100, max 300, avg 273
Masking 100%
Counting k-mers 100%
Creating k-mer index 100%
Searching 100%
Matching unique query sequences: 97 of 394 (24.62%)

[02/20/25 16:08:03]: Dropping 0 OTUs: 
[02/20/25 16:08:03]: 394 OTUs validated (0 dropped)
[02/20/25 16:08:03]: Mapping Reads to OTUs and Building OTU table
[02/20/25 16:08:03]: vsearch --usearch_global clustered_tmp/clustered.orig.fa --strand plus --id 0.97 --db clustered_tmp/clustered.passed.otus.fa --uc clustered_tmp/clustered.EE1.0.mapping.uc --otutabout clustered_tmp/clustered.EE1.0.otu_table.txt --threads 12
[02/20/25 16:08:08]: vsearch v2.22.1_linux_x86_64, 7.8GB RAM, 12 cores
https://github.com/torognes/vsearch

Reading file clustered_tmp/clustered.passed.otus.fa 100%
107736 nt in 394 seqs, min 100, max 300, avg 273
Masking 100%
Counting k-mers 100%
Creating k-mer index 100%
Searching 100%
Matching unique query sequences: 99786 of 100865 (98.93%)
Writing OTU table (classic) 100%

[02/20/25 16:08:08]: 99,786 reads mapped to OTUs (99%)
