[02/20/25 16:07:32]: /venv/bin/amptk illumina -i data/raw_data/sequencing -o trimmed -f AACTTTYRRCAAYGGATCWCT -r AGCCTCCGCTTATTGATATGCTTAART --require_primer on --rescue_forward off --primer_mismatch 6 --cleanup

[02/20/25 16:07:32]: OS: Debian GNU/Linux 10, 12 cores, ~ 8 GB RAM. Python: 3.10.8
[02/20/25 16:07:32]: Python Modules: numpy v1.24.1, pandas v1.5.2, matplotlib v3.6.2, psutil v5.9.4, natsort v8.2.0, biopython v1.80, edlib v1.3.9, biom-format v2.1.14
[02/20/25 16:07:32]: AMPtk v1.5.5, VSEARCH v2.22.1
[02/20/25 16:07:32]: Gzipped files detected, uncompressing
[02/20/25 16:07:32]: Uncompressing AR1SSoil_S21_L001_R1_001.fastq.gz
[02/20/25 16:07:32]: pigz --decompress -c -p 12 data/raw_data/sequencing/AR1SSoil_S21_L001_R1_001.fastq.gz
[02/20/25 16:07:33]: Uncompressing AR1NSoil_S39_L001_R2_001.fastq.gz
[02/20/25 16:07:33]: pigz --decompress -c -p 12 data/raw_data/sequencing/AR1NSoil_S39_L001_R2_001.fastq.gz
[02/20/25 16:07:33]: Uncompressing AR1SRoot_S204_L001_R1_001.fastq.gz
[02/20/25 16:07:33]: pigz --decompress -c -p 12 data/raw_data/sequencing/AR1SRoot_S204_L001_R1_001.fastq.gz
[02/20/25 16:07:33]: Uncompressing AR1WRoot_S58_L001_R1_001.fastq.gz
[02/20/25 16:07:33]: pigz --decompress -c -p 12 data/raw_data/sequencing/AR1WRoot_S58_L001_R1_001.fastq.gz
[02/20/25 16:07:33]: Uncompressing AR1WSoil_S266_L001_R1_001.fastq.gz
[02/20/25 16:07:33]: pigz --decompress -c -p 12 data/raw_data/sequencing/AR1WSoil_S266_L001_R1_001.fastq.gz
[02/20/25 16:07:34]: Uncompressing AR1ERoot_S169_L001_R1_001.fastq.gz
[02/20/25 16:07:34]: pigz --decompress -c -p 12 data/raw_data/sequencing/AR1ERoot_S169_L001_R1_001.fastq.gz
[02/20/25 16:07:34]: Uncompressing AR1ESoil_S210_L001_R1_001.fastq.gz
[02/20/25 16:07:34]: pigz --decompress -c -p 12 data/raw_data/sequencing/AR1ESoil_S210_L001_R1_001.fastq.gz
[02/20/25 16:07:34]: Uncompressing AR1NRoot_S196_L001_R1_001.fastq.gz
[02/20/25 16:07:34]: pigz --decompress -c -p 12 data/raw_data/sequencing/AR1NRoot_S196_L001_R1_001.fastq.gz
[02/20/25 16:07:34]: Uncompressing AR1ERoot_S169_L001_R2_001.fastq.gz
[02/20/25 16:07:34]: pigz --decompress -c -p 12 data/raw_data/sequencing/AR1ERoot_S169_L001_R2_001.fastq.gz
[02/20/25 16:07:35]: Uncompressing AR1ESoil_S210_L001_R2_001.fastq.gz
[02/20/25 16:07:35]: pigz --decompress -c -p 12 data/raw_data/sequencing/AR1ESoil_S210_L001_R2_001.fastq.gz
[02/20/25 16:07:35]: Uncompressing AR1NRoot_S196_L001_R2_001.fastq.gz
[02/20/25 16:07:35]: pigz --decompress -c -p 12 data/raw_data/sequencing/AR1NRoot_S196_L001_R2_001.fastq.gz
[02/20/25 16:07:35]: Uncompressing AR1NSoil_S39_L001_R1_001.fastq.gz
[02/20/25 16:07:35]: pigz --decompress -c -p 12 data/raw_data/sequencing/AR1NSoil_S39_L001_R1_001.fastq.gz
[02/20/25 16:07:35]: Uncompressing AR1SSoil_S21_L001_R2_001.fastq.gz
[02/20/25 16:07:35]: pigz --decompress -c -p 12 data/raw_data/sequencing/AR1SSoil_S21_L001_R2_001.fastq.gz
[02/20/25 16:07:35]: Uncompressing AR1WSoil_S266_L001_R2_001.fastq.gz
[02/20/25 16:07:35]: pigz --decompress -c -p 12 data/raw_data/sequencing/AR1WSoil_S266_L001_R2_001.fastq.gz
[02/20/25 16:07:35]: Uncompressing AR1SRoot_S204_L001_R2_001.fastq.gz
[02/20/25 16:07:36]: pigz --decompress -c -p 12 data/raw_data/sequencing/AR1SRoot_S204_L001_R2_001.fastq.gz
[02/20/25 16:07:36]: Uncompressing AR1WRoot_S58_L001_R2_001.fastq.gz
[02/20/25 16:07:36]: pigz --decompress -c -p 12 data/raw_data/sequencing/AR1WRoot_S58_L001_R2_001.fastq.gz
[02/20/25 16:07:36]: AACTTTYRRCAAYGGATCWCT fwd primer not found in AMPtk primer db, assuming it is actual primer sequence.
[02/20/25 16:07:36]: AGCCTCCGCTTATTGATATGCTTAART rev primer not found in AMPtk primer db, assuming it is actual primer sequence.
[02/20/25 16:07:36]: Demuxing data using 12 cpus
[02/20/25 16:07:36]: Dropping reads less than 100 bp and setting lossless trimming to 300 bp.
[02/20/25 16:07:36]: Warning: --require_primer=on, ensure that your reads will contain --fwd_primer
[02/20/25 16:07:36]: Strip Primers and Merge PE reads. FwdPrimer: AACTTTYRRCAAYGGATCWCT RevPrimer: AGCCTCCGCTTATTGATATGCTTAART
[02/20/25 16:07:36]: AR1ERoot: data/raw_data/sequencing/AR1ERoot_S169_L001_R1_001.fastq data/raw_data/sequencing/AR1ERoot_S169_L001_R2_001.fastq
[02/20/25 16:07:36]: AR1ESoil: data/raw_data/sequencing/AR1ESoil_S210_L001_R1_001.fastq data/raw_data/sequencing/AR1ESoil_S210_L001_R2_001.fastq
[02/20/25 16:07:36]: AR1NRoot: data/raw_data/sequencing/AR1NRoot_S196_L001_R1_001.fastq data/raw_data/sequencing/AR1NRoot_S196_L001_R2_001.fastq
[02/20/25 16:07:36]: AR1NSoil: data/raw_data/sequencing/AR1NSoil_S39_L001_R1_001.fastq data/raw_data/sequencing/AR1NSoil_S39_L001_R2_001.fastq
[02/20/25 16:07:36]: AR1SRoot: data/raw_data/sequencing/AR1SRoot_S204_L001_R1_001.fastq data/raw_data/sequencing/AR1SRoot_S204_L001_R2_001.fastq
[02/20/25 16:07:36]: AR1SSoil: data/raw_data/sequencing/AR1SSoil_S21_L001_R1_001.fastq data/raw_data/sequencing/AR1SSoil_S21_L001_R2_001.fastq
[02/20/25 16:07:36]: AR1WRoot: data/raw_data/sequencing/AR1WRoot_S58_L001_R1_001.fastq data/raw_data/sequencing/AR1WRoot_S58_L001_R2_001.fastq
[02/20/25 16:07:36]: AR1WSoil: data/raw_data/sequencing/AR1WSoil_S266_L001_R1_001.fastq data/raw_data/sequencing/AR1WSoil_S266_L001_R2_001.fastq
[02/20/25 16:07:37]: Now merging PE reads
[02/20/25 16:07:37]: Merging PE reads using vsearch --fastq_mergepairs: AR1ESoil_R1.fq AR1ESoil_R2.fq
[02/20/25 16:07:37]: vsearch --fastq_mergepairs trimmed/AR1ESoil_R1.fq --reverse trimmed/AR1ESoil_R2.fq --fastqout trimmed/AR1ESoil.merged.fq.merged.fq --fastqout_notmerged_fwd trimmed/AR1ESoil.merged.fq.notmerged.R1.fq --fastq_minmergelen 100 --fastq_allowmergestagger --threads 1
[02/20/25 16:07:37]: vsearch v2.22.1_linux_x86_64, 7.8GB RAM, 12 cores
https://github.com/torognes/vsearch

Merging reads 100%
       675  Pairs
       309  Merged (45.8%)
       366  Not merged (54.2%)

Pairs that failed merging due to various reasons:
        86  too few kmers found on same diagonal
        34  too many differences
       241  alignment score too low, or score drop too high
         5  merged fragment too short

Statistics of all reads:
    273.57  Mean read length

Statistics of merged reads:
    403.71  Mean fragment length
     29.45  Standard deviation of fragment length
      0.52  Mean expected error in forward sequences
      2.65  Mean expected error in reverse sequences
      0.20  Mean expected error in merged sequences
      0.26  Mean observed errors in merged region of forward sequences
      2.31  Mean observed errors in merged region of reverse sequences
      2.57  Mean observed errors in merged region

[02/20/25 16:07:38]: Now merging PE reads
[02/20/25 16:07:38]: Merging PE reads using vsearch --fastq_mergepairs: AR1WSoil_R1.fq AR1WSoil_R2.fq
[02/20/25 16:07:38]: vsearch --fastq_mergepairs trimmed/AR1WSoil_R1.fq --reverse trimmed/AR1WSoil_R2.fq --fastqout trimmed/AR1WSoil.merged.fq.merged.fq --fastqout_notmerged_fwd trimmed/AR1WSoil.merged.fq.notmerged.R1.fq --fastq_minmergelen 100 --fastq_allowmergestagger --threads 1
[02/20/25 16:07:38]: Now merging PE reads
[02/20/25 16:07:38]: Merging PE reads using vsearch --fastq_mergepairs: AR1WRoot_R1.fq AR1WRoot_R2.fq
[02/20/25 16:07:38]: vsearch --fastq_mergepairs trimmed/AR1WRoot_R1.fq --reverse trimmed/AR1WRoot_R2.fq --fastqout trimmed/AR1WRoot.merged.fq.merged.fq --fastqout_notmerged_fwd trimmed/AR1WRoot.merged.fq.notmerged.R1.fq --fastq_minmergelen 100 --fastq_allowmergestagger --threads 1
[02/20/25 16:07:39]: vsearch v2.22.1_linux_x86_64, 7.8GB RAM, 12 cores
https://github.com/torognes/vsearch

Merging reads 100%
      4260  Pairs
      2283  Merged (53.6%)
      1977  Not merged (46.4%)

Pairs that failed merging due to various reasons:
       385  too few kmers found on same diagonal
       350  too many differences
      1241  alignment score too low, or score drop too high
         1  merged fragment too short

Statistics of all reads:
    274.09  Mean read length

Statistics of merged reads:
    331.23  Mean fragment length
     20.86  Standard deviation of fragment length
      0.55  Mean expected error in forward sequences
      3.19  Mean expected error in reverse sequences
      0.09  Mean expected error in merged sequences
      0.20  Mean observed errors in merged region of forward sequences
      2.73  Mean observed errors in merged region of reverse sequences
      2.93  Mean observed errors in merged region

[02/20/25 16:07:39]: vsearch v2.22.1_linux_x86_64, 7.8GB RAM, 12 cores
https://github.com/torognes/vsearch

Merging reads 100%
     17095  Pairs
     14781  Merged (86.5%)
      2314  Not merged (13.5%)

Pairs that failed merging due to various reasons:
        61  too few kmers found on same diagonal
      1366  too many differences
       862  alignment score too low, or score drop too high
        25  merged fragment too short

Statistics of all reads:
    273.96  Mean read length

Statistics of merged reads:
    406.94  Mean fragment length
     24.46  Standard deviation of fragment length
      0.61  Mean expected error in forward sequences
      2.57  Mean expected error in reverse sequences
      0.24  Mean expected error in merged sequences
      0.28  Mean observed errors in merged region of forward sequences
      2.20  Mean observed errors in merged region of reverse sequences
      2.48  Mean observed errors in merged region

[02/20/25 16:07:40]: Now merging PE reads
[02/20/25 16:07:40]: Merging PE reads using vsearch --fastq_mergepairs: AR1NSoil_R1.fq AR1NSoil_R2.fq
[02/20/25 16:07:40]: vsearch --fastq_mergepairs trimmed/AR1NSoil_R1.fq --reverse trimmed/AR1NSoil_R2.fq --fastqout trimmed/AR1NSoil.merged.fq.merged.fq --fastqout_notmerged_fwd trimmed/AR1NSoil.merged.fq.notmerged.R1.fq --fastq_minmergelen 100 --fastq_allowmergestagger --threads 1
[02/20/25 16:07:41]: Now merging PE reads
[02/20/25 16:07:41]: Merging PE reads using vsearch --fastq_mergepairs: AR1NRoot_R1.fq AR1NRoot_R2.fq
[02/20/25 16:07:41]: vsearch --fastq_mergepairs trimmed/AR1NRoot_R1.fq --reverse trimmed/AR1NRoot_R2.fq --fastqout trimmed/AR1NRoot.merged.fq.merged.fq --fastqout_notmerged_fwd trimmed/AR1NRoot.merged.fq.notmerged.R1.fq --fastq_minmergelen 100 --fastq_allowmergestagger --threads 1
[02/20/25 16:07:42]: vsearch v2.22.1_linux_x86_64, 7.8GB RAM, 12 cores
https://github.com/torognes/vsearch

Merging reads 100%
     38835  Pairs
     33113  Merged (85.3%)
      5722  Not merged (14.7%)

Pairs that failed merging due to various reasons:
        36  too few kmers found on same diagonal
      3616  too many differences
      2067  alignment score too low, or score drop too high
         3  merged fragment too short

Statistics of all reads:
    272.49  Mean read length

Statistics of merged reads:
    408.57  Mean fragment length
     31.01  Standard deviation of fragment length
      0.77  Mean expected error in forward sequences
      2.77  Mean expected error in reverse sequences
      0.24  Mean expected error in merged sequences
      0.37  Mean observed errors in merged region of forward sequences
      2.39  Mean observed errors in merged region of reverse sequences
      2.76  Mean observed errors in merged region

[02/20/25 16:07:42]: vsearch v2.22.1_linux_x86_64, 7.8GB RAM, 12 cores
https://github.com/torognes/vsearch

Merging reads 100%
     37996  Pairs
     27426  Merged (72.2%)
     10570  Not merged (27.8%)

Pairs that failed merging due to various reasons:
        98  too few kmers found on same diagonal
      5463  too many differences
      5009  alignment score too low, or score drop too high

Statistics of all reads:
    274.50  Mean read length

Statistics of merged reads:
    337.25  Mean fragment length
     23.13  Standard deviation of fragment length
      0.52  Mean expected error in forward sequences
      3.48  Mean expected error in reverse sequences
      0.10  Mean expected error in merged sequences
      0.19  Mean observed errors in merged region of forward sequences
      3.13  Mean observed errors in merged region of reverse sequences
      3.32  Mean observed errors in merged region

[02/20/25 16:07:43]: Now merging PE reads
[02/20/25 16:07:43]: Merging PE reads using vsearch --fastq_mergepairs: AR1SRoot_R1.fq AR1SRoot_R2.fq
[02/20/25 16:07:43]: vsearch --fastq_mergepairs trimmed/AR1SRoot_R1.fq --reverse trimmed/AR1SRoot_R2.fq --fastqout trimmed/AR1SRoot.merged.fq.merged.fq --fastqout_notmerged_fwd trimmed/AR1SRoot.merged.fq.notmerged.R1.fq --fastq_minmergelen 100 --fastq_allowmergestagger --threads 1
[02/20/25 16:07:44]: vsearch v2.22.1_linux_x86_64, 7.8GB RAM, 12 cores
https://github.com/torognes/vsearch

Merging reads 100%
     59596  Pairs
     49475  Merged (83.0%)
     10121  Not merged (17.0%)

Pairs that failed merging due to various reasons:
        29  too few kmers found on same diagonal
      5866  too many differences
      4226  alignment score too low, or score drop too high

Statistics of all reads:
    274.51  Mean read length

Statistics of merged reads:
    330.00  Mean fragment length
     23.04  Standard deviation of fragment length
      0.52  Mean expected error in forward sequences
      2.87  Mean expected error in reverse sequences
      0.09  Mean expected error in merged sequences
      0.21  Mean observed errors in merged region of forward sequences
      2.39  Mean observed errors in merged region of reverse sequences
      2.60  Mean observed errors in merged region

[02/20/25 16:07:45]: Now merging PE reads
[02/20/25 16:07:45]: Merging PE reads using vsearch --fastq_mergepairs: AR1ERoot_R1.fq AR1ERoot_R2.fq
[02/20/25 16:07:45]: vsearch --fastq_mergepairs trimmed/AR1ERoot_R1.fq --reverse trimmed/AR1ERoot_R2.fq --fastqout trimmed/AR1ERoot.merged.fq.merged.fq --fastqout_notmerged_fwd trimmed/AR1ERoot.merged.fq.notmerged.R1.fq --fastq_minmergelen 100 --fastq_allowmergestagger --threads 1
[02/20/25 16:07:45]: Now merging PE reads
[02/20/25 16:07:45]: Merging PE reads using vsearch --fastq_mergepairs: AR1SSoil_R1.fq AR1SSoil_R2.fq
[02/20/25 16:07:45]: vsearch --fastq_mergepairs trimmed/AR1SSoil_R1.fq --reverse trimmed/AR1SSoil_R2.fq --fastqout trimmed/AR1SSoil.merged.fq.merged.fq --fastqout_notmerged_fwd trimmed/AR1SSoil.merged.fq.notmerged.R1.fq --fastq_minmergelen 100 --fastq_allowmergestagger --threads 1
[02/20/25 16:07:46]: vsearch v2.22.1_linux_x86_64, 7.8GB RAM, 12 cores
https://github.com/torognes/vsearch

Merging reads 100%
     36329  Pairs
     22104  Merged (60.8%)
     14225  Not merged (39.2%)

Pairs that failed merging due to various reasons:
      2542  too few kmers found on same diagonal
      2460  too many differences
      9218  alignment score too low, or score drop too high
         5  merged fragment too short

Statistics of all reads:
    272.19  Mean read length

Statistics of merged reads:
    341.85  Mean fragment length
     28.89  Standard deviation of fragment length
      0.54  Mean expected error in forward sequences
      2.85  Mean expected error in reverse sequences
      0.11  Mean expected error in merged sequences
      0.22  Mean observed errors in merged region of forward sequences
      2.36  Mean observed errors in merged region of reverse sequences
      2.58  Mean observed errors in merged region

[02/20/25 16:07:47]: vsearch v2.22.1_linux_x86_64, 7.8GB RAM, 12 cores
https://github.com/torognes/vsearch

Merging reads 100%
     47951  Pairs
     42647  Merged (88.9%)
      5304  Not merged (11.1%)

Pairs that failed merging due to various reasons:
        15  too few kmers found on same diagonal
      3526  too many differences
      1762  alignment score too low, or score drop too high
         1  merged fragment too short

Statistics of all reads:
    274.01  Mean read length

Statistics of merged reads:
    413.62  Mean fragment length
     16.26  Standard deviation of fragment length
      0.62  Mean expected error in forward sequences
      2.45  Mean expected error in reverse sequences
      0.25  Mean expected error in merged sequences
      0.29  Mean observed errors in merged region of forward sequences
      2.01  Mean observed errors in merged region of reverse sequences
      2.30  Mean observed errors in merged region

[02/20/25 16:07:49]: Concatenating Demuxed Files
[02/20/25 16:07:49]: 355,063 total reads
[02/20/25 16:07:49]: 326,975 Fwd Primer found, 308,131 Rev Primer found
[02/20/25 16:07:49]: 90,117 discarded Primer incompatibility
[02/20/25 16:07:49]: 91,273 discarded too short (< 100 bp)
[02/20/25 16:07:49]: 100,865 valid output reads
[02/20/25 16:07:49]: Found 8 barcoded samples
                        Sample:  Count
                      AR1SRoot:  30182
                      AR1NSoil:  21378
                      AR1NRoot:  18082
                      AR1SSoil:  12374
                      AR1ERoot:  11423
                      AR1WSoil:  5730
                      AR1WRoot:  1613
                      AR1ESoil:  83
[02/20/25 16:07:49]: pigz -c -p 12 trimmed.demux.fq
[02/20/25 16:07:50]: Output file:  trimmed.demux.fq.gz (4.8 MB)
[02/20/25 16:07:50]: Mapping file: trimmed.mapping_file.txt
